{"name": "test_login_with_valid_credentials", "status": "skipped", "statusDetails": {"message": "XFAIL\n\nselenium.common.exceptions.NoSuchElementException: Message: no such element: Unable to locate element: {\"method\":\"xpath\",\"selector\":\"//span[@id='nav-link-accountList-nav-line-1']\"}\n  (Session info: chrome=120.0.6099.216); For documentation on this error, please visit: https://www.selenium.dev/documentation/webdriver/troubleshooting/errors#no-such-element-exception\nStacktrace:\n#0 0x558fb1833f83 <unknown>\n#1 0x558fb14eccf7 <unknown>\n#2 0x558fb153c99e <unknown>\n#3 0x558fb153caa1 <unknown>\n#4 0x558fb1587d64 <unknown>\n#5 0x558fb15660dd <unknown>\n#6 0x558fb1585006 <unknown>\n#7 0x558fb1565e53 <unknown>\n#8 0x558fb152ddd4 <unknown>\n#9 0x558fb152f1de <unknown>\n#10 0x558fb17f8531 <unknown>\n#11 0x558fb17fc455 <unknown>\n#12 0x558fb17e4f55 <unknown>\n#13 0x558fb17fd0ef <unknown>\n#14 0x558fb17c899f <unknown>\n#15 0x558fb1821008 <unknown>\n#16 0x558fb18211d7 <unknown>\n#17 0x558fb1833124 <unknown>\n#18 0x7f86ef294ac3 <unknown>", "trace": "self = <testCases.test_AmazonTest.TestAmazon object at 0x7f4e57bf44f0>\n\n    @pytest.mark.xfail\n    def test_login_with_valid_credentials(self):\n        amazonHomePage = AmazonHomePage(self.driver)\n>       amazonHomePage.login_with_valid_credentials(\"9110164834\", \"Shashi@123\", \"shashi\")\n\ntestCases/test_AmazonTest.py:57: \n_ _ _ _ _ _ _ _ _ _ _ _ _ _ _ _ _ _ _ _ _ _ _ _ _ _ _ _ _ _ _ _ _ _ _ _ _ _ _ _ _ _ _ _ _ _ _ _ _ _ _ _ _ _ _ _ _ _ _ _ _ _ _ _ _ _ _ _ _ _ _ _ _ _ _ _ _ _ _ _ _ _ _ _ _ _ _ _ _ _ _ _ _ _ _ _ _ _ _ _ _ _ _ _ _ _ _ _ _ _\npages/amazon_home_page.py:108: in login_with_valid_credentials\n    text = self.driver.find_element(By.XPATH, \"//span[@id='nav-link-accountList-nav-line-1']\").text\n.venv/lib/python3.10/site-packages/selenium/webdriver/remote/webdriver.py:741: in find_element\n    return self.execute(Command.FIND_ELEMENT, {\"using\": by, \"value\": value})[\"value\"]\n.venv/lib/python3.10/site-packages/selenium/webdriver/remote/webdriver.py:347: in execute\n    self.error_handler.check_response(response)\n_ _ _ _ _ _ _ _ _ _ _ _ _ _ _ _ _ _ _ _ _ _ _ _ _ _ _ _ _ _ _ _ _ _ _ _ _ _ _ _ _ _ _ _ _ _ _ _ _ _ _ _ _ _ _ _ _ _ _ _ _ _ _ _ _ _ _ _ _ _ _ _ _ _ _ _ _ _ _ _ _ _ _ _ _ _ _ _ _ _ _ _ _ _ _ _ _ _ _ _ _ _ _ _ _ _ _ _ _ _\n\nself = <selenium.webdriver.remote.errorhandler.ErrorHandler object at 0x7f4e57bf6f80>\nresponse = {'status': 404, 'value': '{\"value\":{\"error\":\"no such element\",\"message\":\"no such element: Unable to locate element: {\\...\\\\n#16 0x558fb18211d7 \\\\u003Cunknown>\\\\n#17 0x558fb1833124 \\\\u003Cunknown>\\\\n#18 0x7f86ef294ac3 \\\\u003Cunknown>\\\\n\"}}'}\n\n    def check_response(self, response: Dict[str, Any]) -> None:\n        \"\"\"Checks that a JSON response from the WebDriver does not have an\n        error.\n    \n        :Args:\n         - response - The JSON response from the WebDriver server as a dictionary\n           object.\n    \n        :Raises: If the response contains an error message.\n        \"\"\"\n        status = response.get(\"status\", None)\n        if not status or status == ErrorCode.SUCCESS:\n            return\n        value = None\n        message = response.get(\"message\", \"\")\n        screen: str = response.get(\"screen\", \"\")\n        stacktrace = None\n        if isinstance(status, int):\n            value_json = response.get(\"value\", None)\n            if value_json and isinstance(value_json, str):\n                import json\n    \n                try:\n                    value = json.loads(value_json)\n                    if len(value) == 1:\n                        value = value[\"value\"]\n                    status = value.get(\"error\", None)\n                    if not status:\n                        status = value.get(\"status\", ErrorCode.UNKNOWN_ERROR)\n                        message = value.get(\"value\") or value.get(\"message\")\n                        if not isinstance(message, str):\n                            value = message\n                            message = message.get(\"message\")\n                    else:\n                        message = value.get(\"message\", None)\n                except ValueError:\n                    pass\n    \n        exception_class: Type[WebDriverException]\n        e = ErrorCode()\n        error_codes = [item for item in dir(e) if not item.startswith(\"__\")]\n        for error_code in error_codes:\n            error_info = getattr(ErrorCode, error_code)\n            if isinstance(error_info, list) and status in error_info:\n                exception_class = getattr(ExceptionMapping, error_code, WebDriverException)\n                break\n        else:\n            exception_class = WebDriverException\n    \n        if not value:\n            value = response[\"value\"]\n        if isinstance(value, str):\n            raise exception_class(value)\n        if message == \"\" and \"message\" in value:\n            message = value[\"message\"]\n    \n        screen = None  # type: ignore[assignment]\n        if \"screen\" in value:\n            screen = value[\"screen\"]\n    \n        stacktrace = None\n        st_value = value.get(\"stackTrace\") or value.get(\"stacktrace\")\n        if st_value:\n            if isinstance(st_value, str):\n                stacktrace = st_value.split(\"\\n\")\n            else:\n                stacktrace = []\n                try:\n                    for frame in st_value:\n                        line = frame.get(\"lineNumber\", \"\")\n                        file = frame.get(\"fileName\", \"<anonymous>\")\n                        if line:\n                            file = f\"{file}:{line}\"\n                        meth = frame.get(\"methodName\", \"<anonymous>\")\n                        if \"className\" in frame:\n                            meth = f\"{frame['className']}.{meth}\"\n                        msg = \"    at %s (%s)\"\n                        msg = msg % (meth, file)\n                        stacktrace.append(msg)\n                except TypeError:\n                    pass\n        if exception_class == UnexpectedAlertPresentException:\n            alert_text = None\n            if \"data\" in value:\n                alert_text = value[\"data\"].get(\"text\")\n            elif \"alert\" in value:\n                alert_text = value[\"alert\"].get(\"text\")\n            raise exception_class(message, screen, stacktrace, alert_text)  # type: ignore[call-arg]  # mypy is not smart enough here\n>       raise exception_class(message, screen, stacktrace)\nE       selenium.common.exceptions.NoSuchElementException: Message: no such element: Unable to locate element: {\"method\":\"xpath\",\"selector\":\"//span[@id='nav-link-accountList-nav-line-1']\"}\nE         (Session info: chrome=120.0.6099.216); For documentation on this error, please visit: https://www.selenium.dev/documentation/webdriver/troubleshooting/errors#no-such-element-exception\nE       Stacktrace:\nE       #0 0x558fb1833f83 <unknown>\nE       #1 0x558fb14eccf7 <unknown>\nE       #2 0x558fb153c99e <unknown>\nE       #3 0x558fb153caa1 <unknown>\nE       #4 0x558fb1587d64 <unknown>\nE       #5 0x558fb15660dd <unknown>\nE       #6 0x558fb1585006 <unknown>\nE       #7 0x558fb1565e53 <unknown>\nE       #8 0x558fb152ddd4 <unknown>\nE       #9 0x558fb152f1de <unknown>\nE       #10 0x558fb17f8531 <unknown>\nE       #11 0x558fb17fc455 <unknown>\nE       #12 0x558fb17e4f55 <unknown>\nE       #13 0x558fb17fd0ef <unknown>\nE       #14 0x558fb17c899f <unknown>\nE       #15 0x558fb1821008 <unknown>\nE       #16 0x558fb18211d7 <unknown>\nE       #17 0x558fb1833124 <unknown>\nE       #18 0x7f86ef294ac3 <unknown>\n\n.venv/lib/python3.10/site-packages/selenium/webdriver/remote/errorhandler.py:229: NoSuchElementException"}, "start": 1707662596983, "stop": 1707662610892, "uuid": "705dc582-e2e4-4610-88c8-4985be280412", "historyId": "0b9da9100bec7663b7e564f5cd9e48d8", "testCaseId": "0b9da9100bec7663b7e564f5cd9e48d8", "fullName": "testCases.test_AmazonTest.TestAmazon#test_login_with_valid_credentials", "labels": [{"name": "tag", "value": "@pytest.mark.xfail"}, {"name": "tag", "value": "@pytest.mark.usefixtures('setup', 'LogGen')"}, {"name": "parentSuite", "value": "testCases"}, {"name": "suite", "value": "test_AmazonTest"}, {"name": "subSuite", "value": "TestAmazon"}, {"name": "host", "value": "shashi-Aspire-A715-41G"}, {"name": "thread", "value": "124249-MainThread"}, {"name": "framework", "value": "pytest"}, {"name": "language", "value": "cpython3"}, {"name": "package", "value": "testCases.test_AmazonTest"}]}